16:16:54 **** Incremental Build of configuration Debug for project Bachelor-thesis ****
make -j8 all 
arm-none-eabi-gcc "../Core/Src/main.c" -mcpu=cortex-m4 -std=gnu11 -g3 -DDEBUG -DUSE_HAL_DRIVER -DSTM32WB55xx -c -I../Core/Inc -I../Drivers/STM32WBxx_HAL_Driver/Inc -I../Drivers/STM32WBxx_HAL_Driver/Inc/Legacy -I../Drivers/CMSIS/Device/ST/STM32WBxx/Include -I../Drivers/CMSIS/Include -O0 -ffunction-sections -fdata-sections -Wall -fstack-usage -fcyclomatic-complexity -MMD -MP -MF"Core/Src/main.d" -MT"Core/Src/main.o" --specs=nano.specs -mfpu=fpv4-sp-d16 -mfloat-abi=hard -mthumb -o "Core/Src/main.o"
arm-none-eabi-gcc -o "Bachelor-thesis.elf" @"objects.list"   -mcpu=cortex-m4 -T"/home/felix/ResponseTime_PowerConsumption/c/Bachelor-thesis/STM32WB55RGVX_FLASH.ld" --specs=nosys.specs -Wl,-Map="Bachelor-thesis.map" -Wl,--gc-sections -static --specs=nano.specs -mfpu=fpv4-sp-d16 -mfloat-abi=hard -mthumb -Wl,--start-group -lc -lm -Wl,--end-group
/opt/st/stm32cubeide_1.12.0/plugins/com.st.stm32cube.ide.mcu.externaltools.gnu-tools-for-stm32.10.3-2021.10.linux64_1.0.200.202301161003/tools/bin/../lib/gcc/arm-none-eabi/10.3.1/../../../../arm-none-eabi/bin/ld: ./Core/Src/stm32wbxx_it.o: in function `SysTick_Handler':
/home/felix/ResponseTime_PowerConsumption/c/Bachelor-thesis/Debug/../Core/Src/stm32wbxx_it.c:185: multiple definition of `SysTick_Handler'; ./Core/Src/main.o:/home/felix/ResponseTime_PowerConsumption/c/Bachelor-thesis/Debug/../Core/Src/main.c:406: first defined here
/opt/st/stm32cubeide_1.12.0/plugins/com.st.stm32cube.ide.mcu.externaltools.gnu-tools-for-stm32.10.3-2021.10.linux64_1.0.200.202301161003/tools/bin/../lib/gcc/arm-none-eabi/10.3.1/../../../../arm-none-eabi/bin/ld: ./Core/Src/stm32wbxx_it.o: in function `I2C1_EV_IRQHandler':
/home/felix/ResponseTime_PowerConsumption/c/Bachelor-thesis/Debug/../Core/Src/stm32wbxx_it.c:220: multiple definition of `I2C1_EV_IRQHandler'; ./Core/Src/main.o:/home/felix/ResponseTime_PowerConsumption/c/Bachelor-thesis/Debug/../Core/Src/main.c:388: first defined here
collect2: error: ld returned 1 exit status
make: *** [makefile:64: Bachelor-thesis.elf] Error 1
"make -j8 all" terminated with exit code 2. Build might be incomplete.

16:16:54 Build Failed. 5 errors, 0 warnings. (took 526ms)

